CRITICAL - 2024-09-26 01:33:36 --> Error: Call to undefined function form_open()
[Method: GET, Route: registro-cliente]
in APPPATH\Views\registro_cliente.php on line 45.
 1 SYSTEMPATH\View\View.php(234): include()
 2 SYSTEMPATH\View\View.php(237): CodeIgniter\View\View->CodeIgniter\View\{closure}()
 3 SYSTEMPATH\Common.php(1171): CodeIgniter\View\View->render('registro_cliente', [], true)
 4 APPPATH\Controllers\ClienteCrud.php(11): view('registro_cliente')
 5 SYSTEMPATH\CodeIgniter.php(933): App\Controllers\ClienteCrud->Clientes()
 6 SYSTEMPATH\CodeIgniter.php(509): CodeIgniter\CodeIgniter->runController(Object(App\Controllers\ClienteCrud))
 7 SYSTEMPATH\CodeIgniter.php(355): CodeIgniter\CodeIgniter->handleRequest(null, Object(Config\Cache), false)
 8 SYSTEMPATH\Boot.php(325): CodeIgniter\CodeIgniter->run()
 9 SYSTEMPATH\Boot.php(67): CodeIgniter\Boot::runCodeIgniter(Object(CodeIgniter\CodeIgniter))
10 FCPATH\index.php(56): CodeIgniter\Boot::bootWeb(Object(Config\Paths))
CRITICAL - 2024-09-26 01:33:39 --> Error: Call to undefined function form_open()
[Method: GET, Route: registro-cliente]
in APPPATH\Views\registro_cliente.php on line 45.
 1 SYSTEMPATH\View\View.php(234): include()
 2 SYSTEMPATH\View\View.php(237): CodeIgniter\View\View->CodeIgniter\View\{closure}()
 3 SYSTEMPATH\Common.php(1171): CodeIgniter\View\View->render('registro_cliente', [], true)
 4 APPPATH\Controllers\ClienteCrud.php(11): view('registro_cliente')
 5 SYSTEMPATH\CodeIgniter.php(933): App\Controllers\ClienteCrud->Clientes()
 6 SYSTEMPATH\CodeIgniter.php(509): CodeIgniter\CodeIgniter->runController(Object(App\Controllers\ClienteCrud))
 7 SYSTEMPATH\CodeIgniter.php(355): CodeIgniter\CodeIgniter->handleRequest(null, Object(Config\Cache), false)
 8 SYSTEMPATH\Boot.php(325): CodeIgniter\CodeIgniter->run()
 9 SYSTEMPATH\Boot.php(67): CodeIgniter\Boot::runCodeIgniter(Object(CodeIgniter\CodeIgniter))
10 FCPATH\index.php(56): CodeIgniter\Boot::bootWeb(Object(Config\Paths))
CRITICAL - 2024-09-26 01:34:05 --> Error: Call to undefined function form_open()
[Method: GET, Route: registro-cliente]
in APPPATH\Views\registro_cliente.php on line 45.
 1 SYSTEMPATH\View\View.php(234): include()
 2 SYSTEMPATH\View\View.php(237): CodeIgniter\View\View->CodeIgniter\View\{closure}()
 3 SYSTEMPATH\Common.php(1171): CodeIgniter\View\View->render('registro_cliente', [], true)
 4 APPPATH\Controllers\ClienteCrud.php(11): view('registro_cliente')
 5 SYSTEMPATH\CodeIgniter.php(933): App\Controllers\ClienteCrud->Clientes()
 6 SYSTEMPATH\CodeIgniter.php(509): CodeIgniter\CodeIgniter->runController(Object(App\Controllers\ClienteCrud))
 7 SYSTEMPATH\CodeIgniter.php(355): CodeIgniter\CodeIgniter->handleRequest(null, Object(Config\Cache), false)
 8 SYSTEMPATH\Boot.php(325): CodeIgniter\CodeIgniter->run()
 9 SYSTEMPATH\Boot.php(67): CodeIgniter\Boot::runCodeIgniter(Object(CodeIgniter\CodeIgniter))
10 FCPATH\index.php(56): CodeIgniter\Boot::bootWeb(Object(Config\Paths))
CRITICAL - 2024-09-26 01:34:09 --> Error: Call to undefined function form_open()
[Method: GET, Route: registro-cliente]
in APPPATH\Views\registro_cliente.php on line 45.
 1 SYSTEMPATH\View\View.php(234): include()
 2 SYSTEMPATH\View\View.php(237): CodeIgniter\View\View->CodeIgniter\View\{closure}()
 3 SYSTEMPATH\Common.php(1171): CodeIgniter\View\View->render('registro_cliente', [], true)
 4 APPPATH\Controllers\ClienteCrud.php(11): view('registro_cliente')
 5 SYSTEMPATH\CodeIgniter.php(933): App\Controllers\ClienteCrud->Clientes()
 6 SYSTEMPATH\CodeIgniter.php(509): CodeIgniter\CodeIgniter->runController(Object(App\Controllers\ClienteCrud))
 7 SYSTEMPATH\CodeIgniter.php(355): CodeIgniter\CodeIgniter->handleRequest(null, Object(Config\Cache), false)
 8 SYSTEMPATH\Boot.php(325): CodeIgniter\CodeIgniter->run()
 9 SYSTEMPATH\Boot.php(67): CodeIgniter\Boot::runCodeIgniter(Object(CodeIgniter\CodeIgniter))
10 FCPATH\index.php(56): CodeIgniter\Boot::bootWeb(Object(Config\Paths))
CRITICAL - 2024-09-26 02:48:40 --> ErrorException: Undefined variable $departamentos
[Method: GET, Route: registrar-cliente]
in APPPATH\Views\registro_cliente.php on line 68.
 1 APPPATH\Views\registro_cliente.php(68): CodeIgniter\Debug\Exceptions->errorHandler(2, 'Undefined variable $departamentos', 'C:\\xampp\\htdocs\\ProyectoWC\\app\\Views\\registro_cliente.php', 68)
 2 SYSTEMPATH\View\View.php(234): include('C:\\xampp\\htdocs\\ProyectoWC\\app\\Views\\registro_cliente.php')
 3 SYSTEMPATH\View\View.php(237): CodeIgniter\View\View->CodeIgniter\View\{closure}()
 4 SYSTEMPATH\Common.php(1171): CodeIgniter\View\View->render('registro_cliente', [], true)
 5 APPPATH\Controllers\ClienteCrud.php(11): view('registro_cliente')
 6 SYSTEMPATH\CodeIgniter.php(933): App\Controllers\ClienteCrud->Clientes()
 7 SYSTEMPATH\CodeIgniter.php(509): CodeIgniter\CodeIgniter->runController(Object(App\Controllers\ClienteCrud))
 8 SYSTEMPATH\CodeIgniter.php(355): CodeIgniter\CodeIgniter->handleRequest(null, Object(Config\Cache), false)
 9 SYSTEMPATH\Boot.php(325): CodeIgniter\CodeIgniter->run()
10 SYSTEMPATH\Boot.php(67): CodeIgniter\Boot::runCodeIgniter(Object(CodeIgniter\CodeIgniter))
11 FCPATH\index.php(56): CodeIgniter\Boot::bootWeb(Object(Config\Paths))
CRITICAL - 2024-09-26 02:49:55 --> ErrorException: Undefined variable $departamentos
[Method: GET, Route: registrar-cliente]
in APPPATH\Views\registro_cliente.php on line 68.
 1 APPPATH\Views\registro_cliente.php(68): CodeIgniter\Debug\Exceptions->errorHandler(2, 'Undefined variable $departamentos', 'C:\\xampp\\htdocs\\ProyectoWC\\app\\Views\\registro_cliente.php', 68)
 2 SYSTEMPATH\View\View.php(234): include('C:\\xampp\\htdocs\\ProyectoWC\\app\\Views\\registro_cliente.php')
 3 SYSTEMPATH\View\View.php(237): CodeIgniter\View\View->CodeIgniter\View\{closure}()
 4 SYSTEMPATH\Common.php(1171): CodeIgniter\View\View->render('registro_cliente', [], true)
 5 APPPATH\Controllers\ClienteCrud.php(12): view('registro_cliente')
 6 SYSTEMPATH\CodeIgniter.php(933): App\Controllers\ClienteCrud->Clientes()
 7 SYSTEMPATH\CodeIgniter.php(509): CodeIgniter\CodeIgniter->runController(Object(App\Controllers\ClienteCrud))
 8 SYSTEMPATH\CodeIgniter.php(355): CodeIgniter\CodeIgniter->handleRequest(null, Object(Config\Cache), false)
 9 SYSTEMPATH\Boot.php(325): CodeIgniter\CodeIgniter->run()
10 SYSTEMPATH\Boot.php(67): CodeIgniter\Boot::runCodeIgniter(Object(CodeIgniter\CodeIgniter))
11 FCPATH\index.php(56): CodeIgniter\Boot::bootWeb(Object(Config\Paths))
CRITICAL - 2024-09-26 02:49:56 --> ErrorException: Undefined variable $departamentos
[Method: GET, Route: registrar-cliente]
in APPPATH\Views\registro_cliente.php on line 68.
 1 APPPATH\Views\registro_cliente.php(68): CodeIgniter\Debug\Exceptions->errorHandler(2, 'Undefined variable $departamentos', 'C:\\xampp\\htdocs\\ProyectoWC\\app\\Views\\registro_cliente.php', 68)
 2 SYSTEMPATH\View\View.php(234): include('C:\\xampp\\htdocs\\ProyectoWC\\app\\Views\\registro_cliente.php')
 3 SYSTEMPATH\View\View.php(237): CodeIgniter\View\View->CodeIgniter\View\{closure}()
 4 SYSTEMPATH\Common.php(1171): CodeIgniter\View\View->render('registro_cliente', [], true)
 5 APPPATH\Controllers\ClienteCrud.php(12): view('registro_cliente')
 6 SYSTEMPATH\CodeIgniter.php(933): App\Controllers\ClienteCrud->Clientes()
 7 SYSTEMPATH\CodeIgniter.php(509): CodeIgniter\CodeIgniter->runController(Object(App\Controllers\ClienteCrud))
 8 SYSTEMPATH\CodeIgniter.php(355): CodeIgniter\CodeIgniter->handleRequest(null, Object(Config\Cache), false)
 9 SYSTEMPATH\Boot.php(325): CodeIgniter\CodeIgniter->run()
10 SYSTEMPATH\Boot.php(67): CodeIgniter\Boot::runCodeIgniter(Object(CodeIgniter\CodeIgniter))
11 FCPATH\index.php(56): CodeIgniter\Boot::bootWeb(Object(Config\Paths))
CRITICAL - 2024-09-26 02:49:59 --> ErrorException: Undefined variable $departamentos
[Method: GET, Route: registrar-cliente]
in APPPATH\Views\registro_cliente.php on line 68.
 1 APPPATH\Views\registro_cliente.php(68): CodeIgniter\Debug\Exceptions->errorHandler(2, 'Undefined variable $departamentos', 'C:\\xampp\\htdocs\\ProyectoWC\\app\\Views\\registro_cliente.php', 68)
 2 SYSTEMPATH\View\View.php(234): include('C:\\xampp\\htdocs\\ProyectoWC\\app\\Views\\registro_cliente.php')
 3 SYSTEMPATH\View\View.php(237): CodeIgniter\View\View->CodeIgniter\View\{closure}()
 4 SYSTEMPATH\Common.php(1171): CodeIgniter\View\View->render('registro_cliente', [], true)
 5 APPPATH\Controllers\ClienteCrud.php(12): view('registro_cliente')
 6 SYSTEMPATH\CodeIgniter.php(933): App\Controllers\ClienteCrud->Clientes()
 7 SYSTEMPATH\CodeIgniter.php(509): CodeIgniter\CodeIgniter->runController(Object(App\Controllers\ClienteCrud))
 8 SYSTEMPATH\CodeIgniter.php(355): CodeIgniter\CodeIgniter->handleRequest(null, Object(Config\Cache), false)
 9 SYSTEMPATH\Boot.php(325): CodeIgniter\CodeIgniter->run()
10 SYSTEMPATH\Boot.php(67): CodeIgniter\Boot::runCodeIgniter(Object(CodeIgniter\CodeIgniter))
11 FCPATH\index.php(56): CodeIgniter\Boot::bootWeb(Object(Config\Paths))
CRITICAL - 2024-09-26 02:51:27 --> ErrorException: Undefined variable $departamentos
[Method: GET, Route: registrar-cliente]
in APPPATH\Views\registro_cliente.php on line 68.
 1 APPPATH\Views\registro_cliente.php(68): CodeIgniter\Debug\Exceptions->errorHandler(2, 'Undefined variable $departamentos', 'C:\\xampp\\htdocs\\ProyectoWC\\app\\Views\\registro_cliente.php', 68)
 2 SYSTEMPATH\View\View.php(234): include('C:\\xampp\\htdocs\\ProyectoWC\\app\\Views\\registro_cliente.php')
 3 SYSTEMPATH\View\View.php(237): CodeIgniter\View\View->CodeIgniter\View\{closure}()
 4 SYSTEMPATH\Common.php(1171): CodeIgniter\View\View->render('registro_cliente', [], true)
 5 APPPATH\Controllers\ClienteCrud.php(12): view('registro_cliente')
 6 SYSTEMPATH\CodeIgniter.php(933): App\Controllers\ClienteCrud->Clientes()
 7 SYSTEMPATH\CodeIgniter.php(509): CodeIgniter\CodeIgniter->runController(Object(App\Controllers\ClienteCrud))
 8 SYSTEMPATH\CodeIgniter.php(355): CodeIgniter\CodeIgniter->handleRequest(null, Object(Config\Cache), false)
 9 SYSTEMPATH\Boot.php(325): CodeIgniter\CodeIgniter->run()
10 SYSTEMPATH\Boot.php(67): CodeIgniter\Boot::runCodeIgniter(Object(CodeIgniter\CodeIgniter))
11 FCPATH\index.php(56): CodeIgniter\Boot::bootWeb(Object(Config\Paths))
CRITICAL - 2024-09-26 02:51:31 --> ErrorException: Undefined variable $departamentos
[Method: GET, Route: registrar-cliente]
in APPPATH\Views\registro_cliente.php on line 68.
 1 APPPATH\Views\registro_cliente.php(68): CodeIgniter\Debug\Exceptions->errorHandler(2, 'Undefined variable $departamentos', 'C:\\xampp\\htdocs\\ProyectoWC\\app\\Views\\registro_cliente.php', 68)
 2 SYSTEMPATH\View\View.php(234): include('C:\\xampp\\htdocs\\ProyectoWC\\app\\Views\\registro_cliente.php')
 3 SYSTEMPATH\View\View.php(237): CodeIgniter\View\View->CodeIgniter\View\{closure}()
 4 SYSTEMPATH\Common.php(1171): CodeIgniter\View\View->render('registro_cliente', [], true)
 5 APPPATH\Controllers\ClienteCrud.php(12): view('registro_cliente')
 6 SYSTEMPATH\CodeIgniter.php(933): App\Controllers\ClienteCrud->Clientes()
 7 SYSTEMPATH\CodeIgniter.php(509): CodeIgniter\CodeIgniter->runController(Object(App\Controllers\ClienteCrud))
 8 SYSTEMPATH\CodeIgniter.php(355): CodeIgniter\CodeIgniter->handleRequest(null, Object(Config\Cache), false)
 9 SYSTEMPATH\Boot.php(325): CodeIgniter\CodeIgniter->run()
10 SYSTEMPATH\Boot.php(67): CodeIgniter\Boot::runCodeIgniter(Object(CodeIgniter\CodeIgniter))
11 FCPATH\index.php(56): CodeIgniter\Boot::bootWeb(Object(Config\Paths))
CRITICAL - 2024-09-26 02:52:39 --> ErrorException: Attempt to read property "id" on array
[Method: POST, Route: login-chek]
in APPPATH\Controllers\TallerCrud.php on line 47.
 1 APPPATH\Controllers\TallerCrud.php(47): CodeIgniter\Debug\Exceptions->errorHandler(2, 'Attempt to read property "id" on array', 'C:\\xampp\\htdocs\\ProyectoWC\\app\\Controllers\\TallerCrud.php', 47)
 2 SYSTEMPATH\CodeIgniter.php(933): App\Controllers\TallerCrud->login()
 3 SYSTEMPATH\CodeIgniter.php(509): CodeIgniter\CodeIgniter->runController(Object(App\Controllers\TallerCrud))
 4 SYSTEMPATH\CodeIgniter.php(355): CodeIgniter\CodeIgniter->handleRequest(null, Object(Config\Cache), false)
 5 SYSTEMPATH\Boot.php(325): CodeIgniter\CodeIgniter->run()
 6 SYSTEMPATH\Boot.php(67): CodeIgniter\Boot::runCodeIgniter(Object(CodeIgniter\CodeIgniter))
 7 FCPATH\index.php(56): CodeIgniter\Boot::bootWeb(Object(Config\Paths))
CRITICAL - 2024-09-26 02:53:29 --> ErrorException: Attempt to read property "id" on array
[Method: POST, Route: login-chek]
in APPPATH\Controllers\TallerCrud.php on line 46.
 1 APPPATH\Controllers\TallerCrud.php(46): CodeIgniter\Debug\Exceptions->errorHandler(2, 'Attempt to read property "id" on array', 'C:\\xampp\\htdocs\\ProyectoWC\\app\\Controllers\\TallerCrud.php', 46)
 2 SYSTEMPATH\CodeIgniter.php(933): App\Controllers\TallerCrud->login()
 3 SYSTEMPATH\CodeIgniter.php(509): CodeIgniter\CodeIgniter->runController(Object(App\Controllers\TallerCrud))
 4 SYSTEMPATH\CodeIgniter.php(355): CodeIgniter\CodeIgniter->handleRequest(null, Object(Config\Cache), false)
 5 SYSTEMPATH\Boot.php(325): CodeIgniter\CodeIgniter->run()
 6 SYSTEMPATH\Boot.php(67): CodeIgniter\Boot::runCodeIgniter(Object(CodeIgniter\CodeIgniter))
 7 FCPATH\index.php(56): CodeIgniter\Boot::bootWeb(Object(Config\Paths))
CRITICAL - 2024-09-26 02:53:32 --> ErrorException: Attempt to read property "id" on array
[Method: POST, Route: login-chek]
in APPPATH\Controllers\TallerCrud.php on line 46.
 1 APPPATH\Controllers\TallerCrud.php(46): CodeIgniter\Debug\Exceptions->errorHandler(2, 'Attempt to read property "id" on array', 'C:\\xampp\\htdocs\\ProyectoWC\\app\\Controllers\\TallerCrud.php', 46)
 2 SYSTEMPATH\CodeIgniter.php(933): App\Controllers\TallerCrud->login()
 3 SYSTEMPATH\CodeIgniter.php(509): CodeIgniter\CodeIgniter->runController(Object(App\Controllers\TallerCrud))
 4 SYSTEMPATH\CodeIgniter.php(355): CodeIgniter\CodeIgniter->handleRequest(null, Object(Config\Cache), false)
 5 SYSTEMPATH\Boot.php(325): CodeIgniter\CodeIgniter->run()
 6 SYSTEMPATH\Boot.php(67): CodeIgniter\Boot::runCodeIgniter(Object(CodeIgniter\CodeIgniter))
 7 FCPATH\index.php(56): CodeIgniter\Boot::bootWeb(Object(Config\Paths))
CRITICAL - 2024-09-26 02:53:42 --> ErrorException: Attempt to read property "id" on array
[Method: POST, Route: login-chek]
in APPPATH\Controllers\TallerCrud.php on line 46.
 1 APPPATH\Controllers\TallerCrud.php(46): CodeIgniter\Debug\Exceptions->errorHandler(2, 'Attempt to read property "id" on array', 'C:\\xampp\\htdocs\\ProyectoWC\\app\\Controllers\\TallerCrud.php', 46)
 2 SYSTEMPATH\CodeIgniter.php(933): App\Controllers\TallerCrud->login()
 3 SYSTEMPATH\CodeIgniter.php(509): CodeIgniter\CodeIgniter->runController(Object(App\Controllers\TallerCrud))
 4 SYSTEMPATH\CodeIgniter.php(355): CodeIgniter\CodeIgniter->handleRequest(null, Object(Config\Cache), false)
 5 SYSTEMPATH\Boot.php(325): CodeIgniter\CodeIgniter->run()
 6 SYSTEMPATH\Boot.php(67): CodeIgniter\Boot::runCodeIgniter(Object(CodeIgniter\CodeIgniter))
 7 FCPATH\index.php(56): CodeIgniter\Boot::bootWeb(Object(Config\Paths))
CRITICAL - 2024-09-26 03:05:52 --> ErrorException: Undefined variable $departamentos
[Method: GET, Route: registrar-cliente]
in APPPATH\Views\registro_cliente.php on line 68.
 1 APPPATH\Views\registro_cliente.php(68): CodeIgniter\Debug\Exceptions->errorHandler(2, 'Undefined variable $departamentos', 'C:\\xampp\\htdocs\\ProyectoWC\\app\\Views\\registro_cliente.php', 68)
 2 SYSTEMPATH\View\View.php(234): include('C:\\xampp\\htdocs\\ProyectoWC\\app\\Views\\registro_cliente.php')
 3 SYSTEMPATH\View\View.php(237): CodeIgniter\View\View->CodeIgniter\View\{closure}()
 4 SYSTEMPATH\Common.php(1171): CodeIgniter\View\View->render('registro_cliente', [], true)
 5 APPPATH\Controllers\ClienteCrud.php(12): view('registro_cliente')
 6 SYSTEMPATH\CodeIgniter.php(933): App\Controllers\ClienteCrud->Clientes()
 7 SYSTEMPATH\CodeIgniter.php(509): CodeIgniter\CodeIgniter->runController(Object(App\Controllers\ClienteCrud))
 8 SYSTEMPATH\CodeIgniter.php(355): CodeIgniter\CodeIgniter->handleRequest(null, Object(Config\Cache), false)
 9 SYSTEMPATH\Boot.php(325): CodeIgniter\CodeIgniter->run()
10 SYSTEMPATH\Boot.php(67): CodeIgniter\Boot::runCodeIgniter(Object(CodeIgniter\CodeIgniter))
11 FCPATH\index.php(56): CodeIgniter\Boot::bootWeb(Object(Config\Paths))
CRITICAL - 2024-09-26 03:18:37 --> ErrorException: Undefined variable $departamentos
[Method: GET, Route: registrar-cliente]
in APPPATH\Views\registro_cliente.php on line 68.
 1 APPPATH\Views\registro_cliente.php(68): CodeIgniter\Debug\Exceptions->errorHandler(2, 'Undefined variable $departamentos', 'C:\\xampp\\htdocs\\ProyectoWC\\app\\Views\\registro_cliente.php', 68)
 2 SYSTEMPATH\View\View.php(234): include('C:\\xampp\\htdocs\\ProyectoWC\\app\\Views\\registro_cliente.php')
 3 SYSTEMPATH\View\View.php(237): CodeIgniter\View\View->CodeIgniter\View\{closure}()
 4 SYSTEMPATH\Common.php(1171): CodeIgniter\View\View->render('registro_cliente', [], true)
 5 APPPATH\Controllers\ClienteCrud.php(12): view('registro_cliente')
 6 SYSTEMPATH\CodeIgniter.php(933): App\Controllers\ClienteCrud->Clientes()
 7 SYSTEMPATH\CodeIgniter.php(509): CodeIgniter\CodeIgniter->runController(Object(App\Controllers\ClienteCrud))
 8 SYSTEMPATH\CodeIgniter.php(355): CodeIgniter\CodeIgniter->handleRequest(null, Object(Config\Cache), false)
 9 SYSTEMPATH\Boot.php(325): CodeIgniter\CodeIgniter->run()
10 SYSTEMPATH\Boot.php(67): CodeIgniter\Boot::runCodeIgniter(Object(CodeIgniter\CodeIgniter))
11 FCPATH\index.php(56): CodeIgniter\Boot::bootWeb(Object(Config\Paths))
CRITICAL - 2024-09-26 03:25:30 --> ErrorException: Undefined variable $departamentos
[Method: GET, Route: registrar-cliente]
in APPPATH\Views\registro_cliente.php on line 68.
 1 APPPATH\Views\registro_cliente.php(68): CodeIgniter\Debug\Exceptions->errorHandler(2, 'Undefined variable $departamentos', 'C:\\xampp\\htdocs\\ProyectoWC\\app\\Views\\registro_cliente.php', 68)
 2 SYSTEMPATH\View\View.php(234): include('C:\\xampp\\htdocs\\ProyectoWC\\app\\Views\\registro_cliente.php')
 3 SYSTEMPATH\View\View.php(237): CodeIgniter\View\View->CodeIgniter\View\{closure}()
 4 SYSTEMPATH\Common.php(1171): CodeIgniter\View\View->render('registro_cliente', [], true)
 5 APPPATH\Controllers\ClienteCrud.php(12): view('registro_cliente')
 6 SYSTEMPATH\CodeIgniter.php(933): App\Controllers\ClienteCrud->Clientes()
 7 SYSTEMPATH\CodeIgniter.php(509): CodeIgniter\CodeIgniter->runController(Object(App\Controllers\ClienteCrud))
 8 SYSTEMPATH\CodeIgniter.php(355): CodeIgniter\CodeIgniter->handleRequest(null, Object(Config\Cache), false)
 9 SYSTEMPATH\Boot.php(325): CodeIgniter\CodeIgniter->run()
10 SYSTEMPATH\Boot.php(67): CodeIgniter\Boot::runCodeIgniter(Object(CodeIgniter\CodeIgniter))
11 FCPATH\index.php(56): CodeIgniter\Boot::bootWeb(Object(Config\Paths))
CRITICAL - 2024-09-26 03:25:33 --> ErrorException: Undefined variable $departamentos
[Method: GET, Route: registrar-cliente]
in APPPATH\Views\registro_cliente.php on line 68.
 1 APPPATH\Views\registro_cliente.php(68): CodeIgniter\Debug\Exceptions->errorHandler(2, 'Undefined variable $departamentos', 'C:\\xampp\\htdocs\\ProyectoWC\\app\\Views\\registro_cliente.php', 68)
 2 SYSTEMPATH\View\View.php(234): include('C:\\xampp\\htdocs\\ProyectoWC\\app\\Views\\registro_cliente.php')
 3 SYSTEMPATH\View\View.php(237): CodeIgniter\View\View->CodeIgniter\View\{closure}()
 4 SYSTEMPATH\Common.php(1171): CodeIgniter\View\View->render('registro_cliente', [], true)
 5 APPPATH\Controllers\ClienteCrud.php(12): view('registro_cliente')
 6 SYSTEMPATH\CodeIgniter.php(933): App\Controllers\ClienteCrud->Clientes()
 7 SYSTEMPATH\CodeIgniter.php(509): CodeIgniter\CodeIgniter->runController(Object(App\Controllers\ClienteCrud))
 8 SYSTEMPATH\CodeIgniter.php(355): CodeIgniter\CodeIgniter->handleRequest(null, Object(Config\Cache), false)
 9 SYSTEMPATH\Boot.php(325): CodeIgniter\CodeIgniter->run()
10 SYSTEMPATH\Boot.php(67): CodeIgniter\Boot::runCodeIgniter(Object(CodeIgniter\CodeIgniter))
11 FCPATH\index.php(56): CodeIgniter\Boot::bootWeb(Object(Config\Paths))
CRITICAL - 2024-09-26 03:39:57 --> ErrorException: Undefined variable $departamentos
[Method: GET, Route: registrar-cliente]
in APPPATH\Views\registro_cliente.php on line 68.
 1 APPPATH\Views\registro_cliente.php(68): CodeIgniter\Debug\Exceptions->errorHandler(2, 'Undefined variable $departamentos', 'C:\\xampp\\htdocs\\ProyectoWC\\app\\Views\\registro_cliente.php', 68)
 2 SYSTEMPATH\View\View.php(234): include('C:\\xampp\\htdocs\\ProyectoWC\\app\\Views\\registro_cliente.php')
 3 SYSTEMPATH\View\View.php(237): CodeIgniter\View\View->CodeIgniter\View\{closure}()
 4 SYSTEMPATH\Common.php(1171): CodeIgniter\View\View->render('registro_cliente', [], true)
 5 APPPATH\Controllers\ClienteCrud.php(13): view('registro_cliente')
 6 SYSTEMPATH\CodeIgniter.php(933): App\Controllers\ClienteCrud->Clientes()
 7 SYSTEMPATH\CodeIgniter.php(509): CodeIgniter\CodeIgniter->runController(Object(App\Controllers\ClienteCrud))
 8 SYSTEMPATH\CodeIgniter.php(355): CodeIgniter\CodeIgniter->handleRequest(null, Object(Config\Cache), false)
 9 SYSTEMPATH\Boot.php(325): CodeIgniter\CodeIgniter->run()
10 SYSTEMPATH\Boot.php(67): CodeIgniter\Boot::runCodeIgniter(Object(CodeIgniter\CodeIgniter))
11 FCPATH\index.php(56): CodeIgniter\Boot::bootWeb(Object(Config\Paths))
CRITICAL - 2024-09-26 03:51:06 --> ErrorException: Undefined variable $municipioModel
[Method: GET, Route: registrar-cliente]
in APPPATH\Controllers\ClienteCrud.php on line 16.
 1 APPPATH\Controllers\ClienteCrud.php(16): CodeIgniter\Debug\Exceptions->errorHandler(2, 'Undefined variable $municipioModel', 'C:\\xampp\\htdocs\\ProyectoWC\\app\\Controllers\\ClienteCrud.php', 16)
 2 SYSTEMPATH\CodeIgniter.php(933): App\Controllers\ClienteCrud->guardarCliente()
 3 SYSTEMPATH\CodeIgniter.php(509): CodeIgniter\CodeIgniter->runController(Object(App\Controllers\ClienteCrud))
 4 SYSTEMPATH\CodeIgniter.php(355): CodeIgniter\CodeIgniter->handleRequest(null, Object(Config\Cache), false)
 5 SYSTEMPATH\Boot.php(325): CodeIgniter\CodeIgniter->run()
 6 SYSTEMPATH\Boot.php(67): CodeIgniter\Boot::runCodeIgniter(Object(CodeIgniter\CodeIgniter))
 7 FCPATH\index.php(56): CodeIgniter\Boot::bootWeb(Object(Config\Paths))
CRITICAL - 2024-09-26 03:51:08 --> ErrorException: Undefined variable $municipioModel
[Method: GET, Route: registrar-cliente]
in APPPATH\Controllers\ClienteCrud.php on line 16.
 1 APPPATH\Controllers\ClienteCrud.php(16): CodeIgniter\Debug\Exceptions->errorHandler(2, 'Undefined variable $municipioModel', 'C:\\xampp\\htdocs\\ProyectoWC\\app\\Controllers\\ClienteCrud.php', 16)
 2 SYSTEMPATH\CodeIgniter.php(933): App\Controllers\ClienteCrud->guardarCliente()
 3 SYSTEMPATH\CodeIgniter.php(509): CodeIgniter\CodeIgniter->runController(Object(App\Controllers\ClienteCrud))
 4 SYSTEMPATH\CodeIgniter.php(355): CodeIgniter\CodeIgniter->handleRequest(null, Object(Config\Cache), false)
 5 SYSTEMPATH\Boot.php(325): CodeIgniter\CodeIgniter->run()
 6 SYSTEMPATH\Boot.php(67): CodeIgniter\Boot::runCodeIgniter(Object(CodeIgniter\CodeIgniter))
 7 FCPATH\index.php(56): CodeIgniter\Boot::bootWeb(Object(Config\Paths))
CRITICAL - 2024-09-26 05:13:35 --> Error: Call to undefined method CodeIgniter\HTTP\Response::with()
[Method: POST, Route: guardar-Cliente]
in APPPATH\Controllers\ClienteCrud.php on line 62.
 1 SYSTEMPATH\CodeIgniter.php(933): App\Controllers\ClienteCrud->guardarCliente()
 2 SYSTEMPATH\CodeIgniter.php(509): CodeIgniter\CodeIgniter->runController(Object(App\Controllers\ClienteCrud))
 3 SYSTEMPATH\CodeIgniter.php(355): CodeIgniter\CodeIgniter->handleRequest(null, Object(Config\Cache), false)
 4 SYSTEMPATH\Boot.php(325): CodeIgniter\CodeIgniter->run()
 5 SYSTEMPATH\Boot.php(67): CodeIgniter\Boot::runCodeIgniter(Object(CodeIgniter\CodeIgniter))
 6 FCPATH\index.php(56): CodeIgniter\Boot::bootWeb(Object(Config\Paths))
CRITICAL - 2024-09-26 05:18:43 --> Error: Call to undefined method CodeIgniter\HTTP\Response::with()
[Method: POST, Route: guardar-Cliente]
in APPPATH\Controllers\ClienteCrud.php on line 62.
 1 SYSTEMPATH\CodeIgniter.php(933): App\Controllers\ClienteCrud->guardarCliente()
 2 SYSTEMPATH\CodeIgniter.php(509): CodeIgniter\CodeIgniter->runController(Object(App\Controllers\ClienteCrud))
 3 SYSTEMPATH\CodeIgniter.php(355): CodeIgniter\CodeIgniter->handleRequest(null, Object(Config\Cache), false)
 4 SYSTEMPATH\Boot.php(325): CodeIgniter\CodeIgniter->run()
 5 SYSTEMPATH\Boot.php(67): CodeIgniter\Boot::runCodeIgniter(Object(CodeIgniter\CodeIgniter))
 6 FCPATH\index.php(56): CodeIgniter\Boot::bootWeb(Object(Config\Paths))
CRITICAL - 2024-09-26 05:28:00 --> Error: Call to undefined method CodeIgniter\HTTP\Response::with()
[Method: POST, Route: guardar-Cliente]
in APPPATH\Controllers\ClienteCrud.php on line 57.
 1 SYSTEMPATH\CodeIgniter.php(933): App\Controllers\ClienteCrud->guardarCliente()
 2 SYSTEMPATH\CodeIgniter.php(509): CodeIgniter\CodeIgniter->runController(Object(App\Controllers\ClienteCrud))
 3 SYSTEMPATH\CodeIgniter.php(355): CodeIgniter\CodeIgniter->handleRequest(null, Object(Config\Cache), false)
 4 SYSTEMPATH\Boot.php(325): CodeIgniter\CodeIgniter->run()
 5 SYSTEMPATH\Boot.php(67): CodeIgniter\Boot::runCodeIgniter(Object(CodeIgniter\CodeIgniter))
 6 FCPATH\index.php(56): CodeIgniter\Boot::bootWeb(Object(Config\Paths))
CRITICAL - 2024-09-26 05:28:23 --> Error: Call to undefined method CodeIgniter\HTTP\Response::with()
[Method: POST, Route: guardar-Cliente]
in APPPATH\Controllers\ClienteCrud.php on line 57.
 1 SYSTEMPATH\CodeIgniter.php(933): App\Controllers\ClienteCrud->guardarCliente()
 2 SYSTEMPATH\CodeIgniter.php(509): CodeIgniter\CodeIgniter->runController(Object(App\Controllers\ClienteCrud))
 3 SYSTEMPATH\CodeIgniter.php(355): CodeIgniter\CodeIgniter->handleRequest(null, Object(Config\Cache), false)
 4 SYSTEMPATH\Boot.php(325): CodeIgniter\CodeIgniter->run()
 5 SYSTEMPATH\Boot.php(67): CodeIgniter\Boot::runCodeIgniter(Object(CodeIgniter\CodeIgniter))
 6 FCPATH\index.php(56): CodeIgniter\Boot::bootWeb(Object(Config\Paths))
CRITICAL - 2024-09-26 05:28:47 --> Error: Call to undefined method CodeIgniter\HTTP\Response::with()
[Method: POST, Route: guardar-Cliente]
in APPPATH\Controllers\ClienteCrud.php on line 57.
 1 SYSTEMPATH\CodeIgniter.php(933): App\Controllers\ClienteCrud->guardarCliente()
 2 SYSTEMPATH\CodeIgniter.php(509): CodeIgniter\CodeIgniter->runController(Object(App\Controllers\ClienteCrud))
 3 SYSTEMPATH\CodeIgniter.php(355): CodeIgniter\CodeIgniter->handleRequest(null, Object(Config\Cache), false)
 4 SYSTEMPATH\Boot.php(325): CodeIgniter\CodeIgniter->run()
 5 SYSTEMPATH\Boot.php(67): CodeIgniter\Boot::runCodeIgniter(Object(CodeIgniter\CodeIgniter))
 6 FCPATH\index.php(56): CodeIgniter\Boot::bootWeb(Object(Config\Paths))
CRITICAL - 2024-09-26 05:29:29 --> Error: Call to undefined method CodeIgniter\HTTP\Response::with()
[Method: POST, Route: guardar-Cliente]
in APPPATH\Controllers\ClienteCrud.php on line 57.
 1 SYSTEMPATH\CodeIgniter.php(933): App\Controllers\ClienteCrud->guardarCliente()
 2 SYSTEMPATH\CodeIgniter.php(509): CodeIgniter\CodeIgniter->runController(Object(App\Controllers\ClienteCrud))
 3 SYSTEMPATH\CodeIgniter.php(355): CodeIgniter\CodeIgniter->handleRequest(null, Object(Config\Cache), false)
 4 SYSTEMPATH\Boot.php(325): CodeIgniter\CodeIgniter->run()
 5 SYSTEMPATH\Boot.php(67): CodeIgniter\Boot::runCodeIgniter(Object(CodeIgniter\CodeIgniter))
 6 FCPATH\index.php(56): CodeIgniter\Boot::bootWeb(Object(Config\Paths))
CRITICAL - 2024-09-26 05:30:00 --> Error: Call to undefined method CodeIgniter\HTTP\Response::with()
[Method: POST, Route: guardar-Cliente]
in APPPATH\Controllers\ClienteCrud.php on line 57.
 1 SYSTEMPATH\CodeIgniter.php(933): App\Controllers\ClienteCrud->guardarCliente()
 2 SYSTEMPATH\CodeIgniter.php(509): CodeIgniter\CodeIgniter->runController(Object(App\Controllers\ClienteCrud))
 3 SYSTEMPATH\CodeIgniter.php(355): CodeIgniter\CodeIgniter->handleRequest(null, Object(Config\Cache), false)
 4 SYSTEMPATH\Boot.php(325): CodeIgniter\CodeIgniter->run()
 5 SYSTEMPATH\Boot.php(67): CodeIgniter\Boot::runCodeIgniter(Object(CodeIgniter\CodeIgniter))
 6 FCPATH\index.php(56): CodeIgniter\Boot::bootWeb(Object(Config\Paths))
CRITICAL - 2024-09-26 18:23:57 --> ErrorException: Undefined variable $clientes
[Method: GET, Route: ver-Cliente]
in APPPATH\Views\vista_clientes.php on line 62.
 1 APPPATH\Views\vista_clientes.php(62): CodeIgniter\Debug\Exceptions->errorHandler(2, 'Undefined variable $clientes', 'C:\\xampp\\htdocs\\ProyectoWC\\app\\Views\\vista_clientes.php', 62)
 2 SYSTEMPATH\View\View.php(234): include('C:\\xampp\\htdocs\\ProyectoWC\\app\\Views\\vista_clientes.php')
 3 SYSTEMPATH\View\View.php(237): CodeIgniter\View\View->CodeIgniter\View\{closure}()
 4 SYSTEMPATH\Common.php(1171): CodeIgniter\View\View->render('vista_clientes', [], true)
 5 APPPATH\Controllers\ClienteCrud.php(41): view('vista_clientes', [...])
 6 SYSTEMPATH\CodeIgniter.php(933): App\Controllers\ClienteCrud->verClientes()
 7 SYSTEMPATH\CodeIgniter.php(509): CodeIgniter\CodeIgniter->runController(Object(App\Controllers\ClienteCrud))
 8 SYSTEMPATH\CodeIgniter.php(355): CodeIgniter\CodeIgniter->handleRequest(null, Object(Config\Cache), false)
 9 SYSTEMPATH\Boot.php(325): CodeIgniter\CodeIgniter->run()
10 SYSTEMPATH\Boot.php(67): CodeIgniter\Boot::runCodeIgniter(Object(CodeIgniter\CodeIgniter))
11 FCPATH\index.php(56): CodeIgniter\Boot::bootWeb(Object(Config\Paths))
CRITICAL - 2024-09-26 18:24:22 --> ErrorException: Undefined variable $clientes
[Method: GET, Route: ver-Cliente]
in APPPATH\Views\vista_clientes.php on line 62.
 1 APPPATH\Views\vista_clientes.php(62): CodeIgniter\Debug\Exceptions->errorHandler(2, 'Undefined variable $clientes', 'C:\\xampp\\htdocs\\ProyectoWC\\app\\Views\\vista_clientes.php', 62)
 2 SYSTEMPATH\View\View.php(234): include('C:\\xampp\\htdocs\\ProyectoWC\\app\\Views\\vista_clientes.php')
 3 SYSTEMPATH\View\View.php(237): CodeIgniter\View\View->CodeIgniter\View\{closure}()
 4 SYSTEMPATH\Common.php(1171): CodeIgniter\View\View->render('vista_clientes', [], true)
 5 APPPATH\Controllers\ClienteCrud.php(41): view('vista_clientes', [...])
 6 SYSTEMPATH\CodeIgniter.php(933): App\Controllers\ClienteCrud->verClientes()
 7 SYSTEMPATH\CodeIgniter.php(509): CodeIgniter\CodeIgniter->runController(Object(App\Controllers\ClienteCrud))
 8 SYSTEMPATH\CodeIgniter.php(355): CodeIgniter\CodeIgniter->handleRequest(null, Object(Config\Cache), false)
 9 SYSTEMPATH\Boot.php(325): CodeIgniter\CodeIgniter->run()
10 SYSTEMPATH\Boot.php(67): CodeIgniter\Boot::runCodeIgniter(Object(CodeIgniter\CodeIgniter))
11 FCPATH\index.php(56): CodeIgniter\Boot::bootWeb(Object(Config\Paths))
CRITICAL - 2024-09-26 18:28:51 --> ErrorException: Undefined array key "id_cliente"
[Method: GET, Route: ver-Cliente]
in APPPATH\Views\vista_clientes.php on line 68.
 1 APPPATH\Views\vista_clientes.php(68): CodeIgniter\Debug\Exceptions->errorHandler(2, 'Undefined array key "id_cliente"', 'C:\\xampp\\htdocs\\ProyectoWC\\app\\Views\\vista_clientes.php', 68)
 2 SYSTEMPATH\View\View.php(234): include('C:\\xampp\\htdocs\\ProyectoWC\\app\\Views\\vista_clientes.php')
 3 SYSTEMPATH\View\View.php(237): CodeIgniter\View\View->CodeIgniter\View\{closure}()
 4 SYSTEMPATH\Common.php(1171): CodeIgniter\View\View->render('vista_clientes', [], true)
 5 APPPATH\Controllers\ClienteCrud.php(41): view('vista_clientes', [...])
 6 SYSTEMPATH\CodeIgniter.php(933): App\Controllers\ClienteCrud->verClientes()
 7 SYSTEMPATH\CodeIgniter.php(509): CodeIgniter\CodeIgniter->runController(Object(App\Controllers\ClienteCrud))
 8 SYSTEMPATH\CodeIgniter.php(355): CodeIgniter\CodeIgniter->handleRequest(null, Object(Config\Cache), false)
 9 SYSTEMPATH\Boot.php(325): CodeIgniter\CodeIgniter->run()
10 SYSTEMPATH\Boot.php(67): CodeIgniter\Boot::runCodeIgniter(Object(CodeIgniter\CodeIgniter))
11 FCPATH\index.php(56): CodeIgniter\Boot::bootWeb(Object(Config\Paths))
CRITICAL - 2024-09-26 18:28:53 --> ErrorException: Undefined array key "id_cliente"
[Method: GET, Route: ver-Cliente]
in APPPATH\Views\vista_clientes.php on line 68.
 1 APPPATH\Views\vista_clientes.php(68): CodeIgniter\Debug\Exceptions->errorHandler(2, 'Undefined array key "id_cliente"', 'C:\\xampp\\htdocs\\ProyectoWC\\app\\Views\\vista_clientes.php', 68)
 2 SYSTEMPATH\View\View.php(234): include('C:\\xampp\\htdocs\\ProyectoWC\\app\\Views\\vista_clientes.php')
 3 SYSTEMPATH\View\View.php(237): CodeIgniter\View\View->CodeIgniter\View\{closure}()
 4 SYSTEMPATH\Common.php(1171): CodeIgniter\View\View->render('vista_clientes', [], true)
 5 APPPATH\Controllers\ClienteCrud.php(41): view('vista_clientes', [...])
 6 SYSTEMPATH\CodeIgniter.php(933): App\Controllers\ClienteCrud->verClientes()
 7 SYSTEMPATH\CodeIgniter.php(509): CodeIgniter\CodeIgniter->runController(Object(App\Controllers\ClienteCrud))
 8 SYSTEMPATH\CodeIgniter.php(355): CodeIgniter\CodeIgniter->handleRequest(null, Object(Config\Cache), false)
 9 SYSTEMPATH\Boot.php(325): CodeIgniter\CodeIgniter->run()
10 SYSTEMPATH\Boot.php(67): CodeIgniter\Boot::runCodeIgniter(Object(CodeIgniter\CodeIgniter))
11 FCPATH\index.php(56): CodeIgniter\Boot::bootWeb(Object(Config\Paths))
CRITICAL - 2024-09-26 18:29:50 --> ErrorException: Undefined array key "id_cliente"
[Method: GET, Route: ver-Cliente]
in APPPATH\Views\vista_clientes.php on line 68.
 1 APPPATH\Views\vista_clientes.php(68): CodeIgniter\Debug\Exceptions->errorHandler(2, 'Undefined array key "id_cliente"', 'C:\\xampp\\htdocs\\ProyectoWC\\app\\Views\\vista_clientes.php', 68)
 2 SYSTEMPATH\View\View.php(234): include('C:\\xampp\\htdocs\\ProyectoWC\\app\\Views\\vista_clientes.php')
 3 SYSTEMPATH\View\View.php(237): CodeIgniter\View\View->CodeIgniter\View\{closure}()
 4 SYSTEMPATH\Common.php(1171): CodeIgniter\View\View->render('vista_clientes', [], true)
 5 APPPATH\Controllers\ClienteCrud.php(41): view('vista_clientes', [...])
 6 SYSTEMPATH\CodeIgniter.php(933): App\Controllers\ClienteCrud->verClientes()
 7 SYSTEMPATH\CodeIgniter.php(509): CodeIgniter\CodeIgniter->runController(Object(App\Controllers\ClienteCrud))
 8 SYSTEMPATH\CodeIgniter.php(355): CodeIgniter\CodeIgniter->handleRequest(null, Object(Config\Cache), false)
 9 SYSTEMPATH\Boot.php(325): CodeIgniter\CodeIgniter->run()
10 SYSTEMPATH\Boot.php(67): CodeIgniter\Boot::runCodeIgniter(Object(CodeIgniter\CodeIgniter))
11 FCPATH\index.php(56): CodeIgniter\Boot::bootWeb(Object(Config\Paths))
CRITICAL - 2024-09-26 18:31:16 --> ErrorException: Undefined array key "id_cliente"
[Method: GET, Route: ver-Cliente]
in APPPATH\Views\vista_clientes.php on line 68.
 1 APPPATH\Views\vista_clientes.php(68): CodeIgniter\Debug\Exceptions->errorHandler(2, 'Undefined array key "id_cliente"', 'C:\\xampp\\htdocs\\ProyectoWC\\app\\Views\\vista_clientes.php', 68)
 2 SYSTEMPATH\View\View.php(234): include('C:\\xampp\\htdocs\\ProyectoWC\\app\\Views\\vista_clientes.php')
 3 SYSTEMPATH\View\View.php(237): CodeIgniter\View\View->CodeIgniter\View\{closure}()
 4 SYSTEMPATH\Common.php(1171): CodeIgniter\View\View->render('vista_clientes', [], true)
 5 APPPATH\Controllers\ClienteCrud.php(41): view('vista_clientes', [...])
 6 SYSTEMPATH\CodeIgniter.php(933): App\Controllers\ClienteCrud->verClientes()
 7 SYSTEMPATH\CodeIgniter.php(509): CodeIgniter\CodeIgniter->runController(Object(App\Controllers\ClienteCrud))
 8 SYSTEMPATH\CodeIgniter.php(355): CodeIgniter\CodeIgniter->handleRequest(null, Object(Config\Cache), false)
 9 SYSTEMPATH\Boot.php(325): CodeIgniter\CodeIgniter->run()
10 SYSTEMPATH\Boot.php(67): CodeIgniter\Boot::runCodeIgniter(Object(CodeIgniter\CodeIgniter))
11 FCPATH\index.php(56): CodeIgniter\Boot::bootWeb(Object(Config\Paths))
CRITICAL - 2024-09-26 18:32:02 --> ErrorException: Undefined array key "id_cliente"
[Method: GET, Route: ver-Cliente]
in APPPATH\Views\vista_clientes.php on line 68.
 1 APPPATH\Views\vista_clientes.php(68): CodeIgniter\Debug\Exceptions->errorHandler(2, 'Undefined array key "id_cliente"', 'C:\\xampp\\htdocs\\ProyectoWC\\app\\Views\\vista_clientes.php', 68)
 2 SYSTEMPATH\View\View.php(234): include('C:\\xampp\\htdocs\\ProyectoWC\\app\\Views\\vista_clientes.php')
 3 SYSTEMPATH\View\View.php(237): CodeIgniter\View\View->CodeIgniter\View\{closure}()
 4 SYSTEMPATH\Common.php(1171): CodeIgniter\View\View->render('vista_clientes', [], true)
 5 APPPATH\Controllers\ClienteCrud.php(41): view('vista_clientes', [...])
 6 SYSTEMPATH\CodeIgniter.php(933): App\Controllers\ClienteCrud->verClientes()
 7 SYSTEMPATH\CodeIgniter.php(509): CodeIgniter\CodeIgniter->runController(Object(App\Controllers\ClienteCrud))
 8 SYSTEMPATH\CodeIgniter.php(355): CodeIgniter\CodeIgniter->handleRequest(null, Object(Config\Cache), false)
 9 SYSTEMPATH\Boot.php(325): CodeIgniter\CodeIgniter->run()
10 SYSTEMPATH\Boot.php(67): CodeIgniter\Boot::runCodeIgniter(Object(CodeIgniter\CodeIgniter))
11 FCPATH\index.php(56): CodeIgniter\Boot::bootWeb(Object(Config\Paths))
CRITICAL - 2024-09-26 18:32:06 --> ErrorException: Undefined array key "id_cliente"
[Method: GET, Route: ver-Cliente]
in APPPATH\Views\vista_clientes.php on line 68.
 1 APPPATH\Views\vista_clientes.php(68): CodeIgniter\Debug\Exceptions->errorHandler(2, 'Undefined array key "id_cliente"', 'C:\\xampp\\htdocs\\ProyectoWC\\app\\Views\\vista_clientes.php', 68)
 2 SYSTEMPATH\View\View.php(234): include('C:\\xampp\\htdocs\\ProyectoWC\\app\\Views\\vista_clientes.php')
 3 SYSTEMPATH\View\View.php(237): CodeIgniter\View\View->CodeIgniter\View\{closure}()
 4 SYSTEMPATH\Common.php(1171): CodeIgniter\View\View->render('vista_clientes', [], true)
 5 APPPATH\Controllers\ClienteCrud.php(41): view('vista_clientes', [...])
 6 SYSTEMPATH\CodeIgniter.php(933): App\Controllers\ClienteCrud->verClientes()
 7 SYSTEMPATH\CodeIgniter.php(509): CodeIgniter\CodeIgniter->runController(Object(App\Controllers\ClienteCrud))
 8 SYSTEMPATH\CodeIgniter.php(355): CodeIgniter\CodeIgniter->handleRequest(null, Object(Config\Cache), false)
 9 SYSTEMPATH\Boot.php(325): CodeIgniter\CodeIgniter->run()
10 SYSTEMPATH\Boot.php(67): CodeIgniter\Boot::runCodeIgniter(Object(CodeIgniter\CodeIgniter))
11 FCPATH\index.php(56): CodeIgniter\Boot::bootWeb(Object(Config\Paths))
CRITICAL - 2024-09-26 18:36:38 --> ErrorException: Undefined array key "id_cliente"
[Method: GET, Route: ver-Cliente]
in APPPATH\Views\vista_clientes.php on line 68.
 1 APPPATH\Views\vista_clientes.php(68): CodeIgniter\Debug\Exceptions->errorHandler(2, 'Undefined array key "id_cliente"', 'C:\\xampp\\htdocs\\ProyectoWC\\app\\Views\\vista_clientes.php', 68)
 2 SYSTEMPATH\View\View.php(234): include('C:\\xampp\\htdocs\\ProyectoWC\\app\\Views\\vista_clientes.php')
 3 SYSTEMPATH\View\View.php(237): CodeIgniter\View\View->CodeIgniter\View\{closure}()
 4 SYSTEMPATH\Common.php(1171): CodeIgniter\View\View->render('vista_clientes', [], true)
 5 APPPATH\Controllers\ClienteCrud.php(49): view('vista_clientes', [...])
 6 SYSTEMPATH\CodeIgniter.php(933): App\Controllers\ClienteCrud->verClientes()
 7 SYSTEMPATH\CodeIgniter.php(509): CodeIgniter\CodeIgniter->runController(Object(App\Controllers\ClienteCrud))
 8 SYSTEMPATH\CodeIgniter.php(355): CodeIgniter\CodeIgniter->handleRequest(null, Object(Config\Cache), false)
 9 SYSTEMPATH\Boot.php(325): CodeIgniter\CodeIgniter->run()
10 SYSTEMPATH\Boot.php(67): CodeIgniter\Boot::runCodeIgniter(Object(CodeIgniter\CodeIgniter))
11 FCPATH\index.php(56): CodeIgniter\Boot::bootWeb(Object(Config\Paths))
CRITICAL - 2024-09-26 18:36:46 --> ErrorException: Undefined array key "id_cliente"
[Method: GET, Route: ver-Cliente]
in APPPATH\Views\vista_clientes.php on line 68.
 1 APPPATH\Views\vista_clientes.php(68): CodeIgniter\Debug\Exceptions->errorHandler(2, 'Undefined array key "id_cliente"', 'C:\\xampp\\htdocs\\ProyectoWC\\app\\Views\\vista_clientes.php', 68)
 2 SYSTEMPATH\View\View.php(234): include('C:\\xampp\\htdocs\\ProyectoWC\\app\\Views\\vista_clientes.php')
 3 SYSTEMPATH\View\View.php(237): CodeIgniter\View\View->CodeIgniter\View\{closure}()
 4 SYSTEMPATH\Common.php(1171): CodeIgniter\View\View->render('vista_clientes', [], true)
 5 APPPATH\Controllers\ClienteCrud.php(49): view('vista_clientes', [...])
 6 SYSTEMPATH\CodeIgniter.php(933): App\Controllers\ClienteCrud->verClientes()
 7 SYSTEMPATH\CodeIgniter.php(509): CodeIgniter\CodeIgniter->runController(Object(App\Controllers\ClienteCrud))
 8 SYSTEMPATH\CodeIgniter.php(355): CodeIgniter\CodeIgniter->handleRequest(null, Object(Config\Cache), false)
 9 SYSTEMPATH\Boot.php(325): CodeIgniter\CodeIgniter->run()
10 SYSTEMPATH\Boot.php(67): CodeIgniter\Boot::runCodeIgniter(Object(CodeIgniter\CodeIgniter))
11 FCPATH\index.php(56): CodeIgniter\Boot::bootWeb(Object(Config\Paths))
CRITICAL - 2024-09-26 18:36:56 --> ErrorException: Undefined array key "id_cliente"
[Method: GET, Route: ver-Cliente]
in APPPATH\Views\vista_clientes.php on line 68.
 1 APPPATH\Views\vista_clientes.php(68): CodeIgniter\Debug\Exceptions->errorHandler(2, 'Undefined array key "id_cliente"', 'C:\\xampp\\htdocs\\ProyectoWC\\app\\Views\\vista_clientes.php', 68)
 2 SYSTEMPATH\View\View.php(234): include('C:\\xampp\\htdocs\\ProyectoWC\\app\\Views\\vista_clientes.php')
 3 SYSTEMPATH\View\View.php(237): CodeIgniter\View\View->CodeIgniter\View\{closure}()
 4 SYSTEMPATH\Common.php(1171): CodeIgniter\View\View->render('vista_clientes', [], true)
 5 APPPATH\Controllers\ClienteCrud.php(49): view('vista_clientes', [...])
 6 SYSTEMPATH\CodeIgniter.php(933): App\Controllers\ClienteCrud->verClientes()
 7 SYSTEMPATH\CodeIgniter.php(509): CodeIgniter\CodeIgniter->runController(Object(App\Controllers\ClienteCrud))
 8 SYSTEMPATH\CodeIgniter.php(355): CodeIgniter\CodeIgniter->handleRequest(null, Object(Config\Cache), false)
 9 SYSTEMPATH\Boot.php(325): CodeIgniter\CodeIgniter->run()
10 SYSTEMPATH\Boot.php(67): CodeIgniter\Boot::runCodeIgniter(Object(CodeIgniter\CodeIgniter))
11 FCPATH\index.php(56): CodeIgniter\Boot::bootWeb(Object(Config\Paths))
CRITICAL - 2024-09-26 18:38:27 --> ErrorException: Undefined array key "id_cliente"
[Method: GET, Route: ver-Cliente]
in APPPATH\Views\vista_clientes.php on line 68.
 1 APPPATH\Views\vista_clientes.php(68): CodeIgniter\Debug\Exceptions->errorHandler(2, 'Undefined array key "id_cliente"', 'C:\\xampp\\htdocs\\ProyectoWC\\app\\Views\\vista_clientes.php', 68)
 2 SYSTEMPATH\View\View.php(234): include('C:\\xampp\\htdocs\\ProyectoWC\\app\\Views\\vista_clientes.php')
 3 SYSTEMPATH\View\View.php(237): CodeIgniter\View\View->CodeIgniter\View\{closure}()
 4 SYSTEMPATH\Common.php(1171): CodeIgniter\View\View->render('vista_clientes', [], true)
 5 APPPATH\Controllers\ClienteCrud.php(49): view('vista_clientes', [...])
 6 SYSTEMPATH\CodeIgniter.php(933): App\Controllers\ClienteCrud->verClientes()
 7 SYSTEMPATH\CodeIgniter.php(509): CodeIgniter\CodeIgniter->runController(Object(App\Controllers\ClienteCrud))
 8 SYSTEMPATH\CodeIgniter.php(355): CodeIgniter\CodeIgniter->handleRequest(null, Object(Config\Cache), false)
 9 SYSTEMPATH\Boot.php(325): CodeIgniter\CodeIgniter->run()
10 SYSTEMPATH\Boot.php(67): CodeIgniter\Boot::runCodeIgniter(Object(CodeIgniter\CodeIgniter))
11 FCPATH\index.php(56): CodeIgniter\Boot::bootWeb(Object(Config\Paths))
CRITICAL - 2024-09-26 19:59:51 --> ErrorException: Undefined array key "id_cliente"
[Method: GET, Route: ver-Cliente]
in APPPATH\Views\vista_clientes.php on line 68.
 1 APPPATH\Views\vista_clientes.php(68): CodeIgniter\Debug\Exceptions->errorHandler(2, 'Undefined array key "id_cliente"', 'C:\\xampp\\htdocs\\ProyectoWC\\app\\Views\\vista_clientes.php', 68)
 2 SYSTEMPATH\View\View.php(234): include('C:\\xampp\\htdocs\\ProyectoWC\\app\\Views\\vista_clientes.php')
 3 SYSTEMPATH\View\View.php(237): CodeIgniter\View\View->CodeIgniter\View\{closure}()
 4 SYSTEMPATH\Common.php(1171): CodeIgniter\View\View->render('vista_clientes', [], true)
 5 APPPATH\Controllers\ClienteCrud.php(61): view('vista_clientes', [...])
 6 SYSTEMPATH\CodeIgniter.php(933): App\Controllers\ClienteCrud->verClientes()
 7 SYSTEMPATH\CodeIgniter.php(509): CodeIgniter\CodeIgniter->runController(Object(App\Controllers\ClienteCrud))
 8 SYSTEMPATH\CodeIgniter.php(355): CodeIgniter\CodeIgniter->handleRequest(null, Object(Config\Cache), false)
 9 SYSTEMPATH\Boot.php(325): CodeIgniter\CodeIgniter->run()
10 SYSTEMPATH\Boot.php(67): CodeIgniter\Boot::runCodeIgniter(Object(CodeIgniter\CodeIgniter))
11 FCPATH\index.php(56): CodeIgniter\Boot::bootWeb(Object(Config\Paths))
CRITICAL - 2024-09-26 20:03:29 --> ErrorException: Undefined array key "Id_cliente"
[Method: GET, Route: ver-Cliente]
in APPPATH\Views\vista_clientes.php on line 68.
 1 APPPATH\Views\vista_clientes.php(68): CodeIgniter\Debug\Exceptions->errorHandler(2, 'Undefined array key "Id_cliente"', 'C:\\xampp\\htdocs\\ProyectoWC\\app\\Views\\vista_clientes.php', 68)
 2 SYSTEMPATH\View\View.php(234): include('C:\\xampp\\htdocs\\ProyectoWC\\app\\Views\\vista_clientes.php')
 3 SYSTEMPATH\View\View.php(237): CodeIgniter\View\View->CodeIgniter\View\{closure}()
 4 SYSTEMPATH\Common.php(1171): CodeIgniter\View\View->render('vista_clientes', [], true)
 5 APPPATH\Controllers\ClienteCrud.php(61): view('vista_clientes', [...])
 6 SYSTEMPATH\CodeIgniter.php(933): App\Controllers\ClienteCrud->verClientes()
 7 SYSTEMPATH\CodeIgniter.php(509): CodeIgniter\CodeIgniter->runController(Object(App\Controllers\ClienteCrud))
 8 SYSTEMPATH\CodeIgniter.php(355): CodeIgniter\CodeIgniter->handleRequest(null, Object(Config\Cache), false)
 9 SYSTEMPATH\Boot.php(325): CodeIgniter\CodeIgniter->run()
10 SYSTEMPATH\Boot.php(67): CodeIgniter\Boot::runCodeIgniter(Object(CodeIgniter\CodeIgniter))
11 FCPATH\index.php(56): CodeIgniter\Boot::bootWeb(Object(Config\Paths))
CRITICAL - 2024-09-26 20:03:30 --> ErrorException: Undefined array key "Id_cliente"
[Method: GET, Route: ver-Cliente]
in APPPATH\Views\vista_clientes.php on line 68.
 1 APPPATH\Views\vista_clientes.php(68): CodeIgniter\Debug\Exceptions->errorHandler(2, 'Undefined array key "Id_cliente"', 'C:\\xampp\\htdocs\\ProyectoWC\\app\\Views\\vista_clientes.php', 68)
 2 SYSTEMPATH\View\View.php(234): include('C:\\xampp\\htdocs\\ProyectoWC\\app\\Views\\vista_clientes.php')
 3 SYSTEMPATH\View\View.php(237): CodeIgniter\View\View->CodeIgniter\View\{closure}()
 4 SYSTEMPATH\Common.php(1171): CodeIgniter\View\View->render('vista_clientes', [], true)
 5 APPPATH\Controllers\ClienteCrud.php(61): view('vista_clientes', [...])
 6 SYSTEMPATH\CodeIgniter.php(933): App\Controllers\ClienteCrud->verClientes()
 7 SYSTEMPATH\CodeIgniter.php(509): CodeIgniter\CodeIgniter->runController(Object(App\Controllers\ClienteCrud))
 8 SYSTEMPATH\CodeIgniter.php(355): CodeIgniter\CodeIgniter->handleRequest(null, Object(Config\Cache), false)
 9 SYSTEMPATH\Boot.php(325): CodeIgniter\CodeIgniter->run()
10 SYSTEMPATH\Boot.php(67): CodeIgniter\Boot::runCodeIgniter(Object(CodeIgniter\CodeIgniter))
11 FCPATH\index.php(56): CodeIgniter\Boot::bootWeb(Object(Config\Paths))
CRITICAL - 2024-09-26 20:03:30 --> ErrorException: Undefined array key "Id_cliente"
[Method: GET, Route: ver-Cliente]
in APPPATH\Views\vista_clientes.php on line 68.
 1 APPPATH\Views\vista_clientes.php(68): CodeIgniter\Debug\Exceptions->errorHandler(2, 'Undefined array key "Id_cliente"', 'C:\\xampp\\htdocs\\ProyectoWC\\app\\Views\\vista_clientes.php', 68)
 2 SYSTEMPATH\View\View.php(234): include('C:\\xampp\\htdocs\\ProyectoWC\\app\\Views\\vista_clientes.php')
 3 SYSTEMPATH\View\View.php(237): CodeIgniter\View\View->CodeIgniter\View\{closure}()
 4 SYSTEMPATH\Common.php(1171): CodeIgniter\View\View->render('vista_clientes', [], true)
 5 APPPATH\Controllers\ClienteCrud.php(61): view('vista_clientes', [...])
 6 SYSTEMPATH\CodeIgniter.php(933): App\Controllers\ClienteCrud->verClientes()
 7 SYSTEMPATH\CodeIgniter.php(509): CodeIgniter\CodeIgniter->runController(Object(App\Controllers\ClienteCrud))
 8 SYSTEMPATH\CodeIgniter.php(355): CodeIgniter\CodeIgniter->handleRequest(null, Object(Config\Cache), false)
 9 SYSTEMPATH\Boot.php(325): CodeIgniter\CodeIgniter->run()
10 SYSTEMPATH\Boot.php(67): CodeIgniter\Boot::runCodeIgniter(Object(CodeIgniter\CodeIgniter))
11 FCPATH\index.php(56): CodeIgniter\Boot::bootWeb(Object(Config\Paths))
CRITICAL - 2024-09-26 20:03:31 --> ErrorException: Undefined array key "Id_cliente"
[Method: GET, Route: ver-Cliente]
in APPPATH\Views\vista_clientes.php on line 68.
 1 APPPATH\Views\vista_clientes.php(68): CodeIgniter\Debug\Exceptions->errorHandler(2, 'Undefined array key "Id_cliente"', 'C:\\xampp\\htdocs\\ProyectoWC\\app\\Views\\vista_clientes.php', 68)
 2 SYSTEMPATH\View\View.php(234): include('C:\\xampp\\htdocs\\ProyectoWC\\app\\Views\\vista_clientes.php')
 3 SYSTEMPATH\View\View.php(237): CodeIgniter\View\View->CodeIgniter\View\{closure}()
 4 SYSTEMPATH\Common.php(1171): CodeIgniter\View\View->render('vista_clientes', [], true)
 5 APPPATH\Controllers\ClienteCrud.php(61): view('vista_clientes', [...])
 6 SYSTEMPATH\CodeIgniter.php(933): App\Controllers\ClienteCrud->verClientes()
 7 SYSTEMPATH\CodeIgniter.php(509): CodeIgniter\CodeIgniter->runController(Object(App\Controllers\ClienteCrud))
 8 SYSTEMPATH\CodeIgniter.php(355): CodeIgniter\CodeIgniter->handleRequest(null, Object(Config\Cache), false)
 9 SYSTEMPATH\Boot.php(325): CodeIgniter\CodeIgniter->run()
10 SYSTEMPATH\Boot.php(67): CodeIgniter\Boot::runCodeIgniter(Object(CodeIgniter\CodeIgniter))
11 FCPATH\index.php(56): CodeIgniter\Boot::bootWeb(Object(Config\Paths))
CRITICAL - 2024-09-26 20:06:23 --> ErrorException: Undefined array key "Id_cliente"
[Method: GET, Route: ver-Cliente]
in APPPATH\Views\vista_clientes.php on line 68.
 1 APPPATH\Views\vista_clientes.php(68): CodeIgniter\Debug\Exceptions->errorHandler(2, 'Undefined array key "Id_cliente"', 'C:\\xampp\\htdocs\\ProyectoWC\\app\\Views\\vista_clientes.php', 68)
 2 SYSTEMPATH\View\View.php(234): include('C:\\xampp\\htdocs\\ProyectoWC\\app\\Views\\vista_clientes.php')
 3 SYSTEMPATH\View\View.php(237): CodeIgniter\View\View->CodeIgniter\View\{closure}()
 4 SYSTEMPATH\Common.php(1171): CodeIgniter\View\View->render('vista_clientes', [], true)
 5 APPPATH\Controllers\ClienteCrud.php(37): view('vista_clientes', [...])
 6 SYSTEMPATH\CodeIgniter.php(933): App\Controllers\ClienteCrud->clientever()
 7 SYSTEMPATH\CodeIgniter.php(509): CodeIgniter\CodeIgniter->runController(Object(App\Controllers\ClienteCrud))
 8 SYSTEMPATH\CodeIgniter.php(355): CodeIgniter\CodeIgniter->handleRequest(null, Object(Config\Cache), false)
 9 SYSTEMPATH\Boot.php(325): CodeIgniter\CodeIgniter->run()
10 SYSTEMPATH\Boot.php(67): CodeIgniter\Boot::runCodeIgniter(Object(CodeIgniter\CodeIgniter))
11 FCPATH\index.php(56): CodeIgniter\Boot::bootWeb(Object(Config\Paths))
CRITICAL - 2024-09-26 20:06:28 --> ErrorException: Undefined array key "Id_cliente"
[Method: GET, Route: ver-Cliente]
in APPPATH\Views\vista_clientes.php on line 68.
 1 APPPATH\Views\vista_clientes.php(68): CodeIgniter\Debug\Exceptions->errorHandler(2, 'Undefined array key "Id_cliente"', 'C:\\xampp\\htdocs\\ProyectoWC\\app\\Views\\vista_clientes.php', 68)
 2 SYSTEMPATH\View\View.php(234): include('C:\\xampp\\htdocs\\ProyectoWC\\app\\Views\\vista_clientes.php')
 3 SYSTEMPATH\View\View.php(237): CodeIgniter\View\View->CodeIgniter\View\{closure}()
 4 SYSTEMPATH\Common.php(1171): CodeIgniter\View\View->render('vista_clientes', [], true)
 5 APPPATH\Controllers\ClienteCrud.php(37): view('vista_clientes', [...])
 6 SYSTEMPATH\CodeIgniter.php(933): App\Controllers\ClienteCrud->clientever()
 7 SYSTEMPATH\CodeIgniter.php(509): CodeIgniter\CodeIgniter->runController(Object(App\Controllers\ClienteCrud))
 8 SYSTEMPATH\CodeIgniter.php(355): CodeIgniter\CodeIgniter->handleRequest(null, Object(Config\Cache), false)
 9 SYSTEMPATH\Boot.php(325): CodeIgniter\CodeIgniter->run()
10 SYSTEMPATH\Boot.php(67): CodeIgniter\Boot::runCodeIgniter(Object(CodeIgniter\CodeIgniter))
11 FCPATH\index.php(56): CodeIgniter\Boot::bootWeb(Object(Config\Paths))
CRITICAL - 2024-09-26 20:18:32 --> ErrorException: Undefined array key "Id_cliente"
[Method: GET, Route: ver-Cliente]
in APPPATH\Views\vista_clientes.php on line 75.
 1 APPPATH\Views\vista_clientes.php(75): CodeIgniter\Debug\Exceptions->errorHandler(2, 'Undefined array key "Id_cliente"', 'C:\\xampp\\htdocs\\ProyectoWC\\app\\Views\\vista_clientes.php', 75)
 2 SYSTEMPATH\View\View.php(234): include('C:\\xampp\\htdocs\\ProyectoWC\\app\\Views\\vista_clientes.php')
 3 SYSTEMPATH\View\View.php(237): CodeIgniter\View\View->CodeIgniter\View\{closure}()
 4 SYSTEMPATH\Common.php(1171): CodeIgniter\View\View->render('vista_clientes', [], true)
 5 APPPATH\Controllers\ClienteCrud.php(63): view('vista_clientes', [...])
 6 SYSTEMPATH\CodeIgniter.php(933): App\Controllers\ClienteCrud->verCliente()
 7 SYSTEMPATH\CodeIgniter.php(509): CodeIgniter\CodeIgniter->runController(Object(App\Controllers\ClienteCrud))
 8 SYSTEMPATH\CodeIgniter.php(355): CodeIgniter\CodeIgniter->handleRequest(null, Object(Config\Cache), false)
 9 SYSTEMPATH\Boot.php(325): CodeIgniter\CodeIgniter->run()
10 SYSTEMPATH\Boot.php(67): CodeIgniter\Boot::runCodeIgniter(Object(CodeIgniter\CodeIgniter))
11 FCPATH\index.php(56): CodeIgniter\Boot::bootWeb(Object(Config\Paths))
CRITICAL - 2024-09-26 20:20:56 --> ErrorException: Undefined array key "Id_cliente"
[Method: GET, Route: ver-Cliente]
in APPPATH\Views\vista_clientes.php on line 75.
 1 APPPATH\Views\vista_clientes.php(75): CodeIgniter\Debug\Exceptions->errorHandler(2, 'Undefined array key "Id_cliente"', 'C:\\xampp\\htdocs\\ProyectoWC\\app\\Views\\vista_clientes.php', 75)
 2 SYSTEMPATH\View\View.php(234): include('C:\\xampp\\htdocs\\ProyectoWC\\app\\Views\\vista_clientes.php')
 3 SYSTEMPATH\View\View.php(237): CodeIgniter\View\View->CodeIgniter\View\{closure}()
 4 SYSTEMPATH\Common.php(1171): CodeIgniter\View\View->render('vista_clientes', [], true)
 5 APPPATH\Controllers\ClienteCrud.php(63): view('vista_clientes', [...])
 6 SYSTEMPATH\CodeIgniter.php(933): App\Controllers\ClienteCrud->verCliente()
 7 SYSTEMPATH\CodeIgniter.php(509): CodeIgniter\CodeIgniter->runController(Object(App\Controllers\ClienteCrud))
 8 SYSTEMPATH\CodeIgniter.php(355): CodeIgniter\CodeIgniter->handleRequest(null, Object(Config\Cache), false)
 9 SYSTEMPATH\Boot.php(325): CodeIgniter\CodeIgniter->run()
10 SYSTEMPATH\Boot.php(67): CodeIgniter\Boot::runCodeIgniter(Object(CodeIgniter\CodeIgniter))
11 FCPATH\index.php(56): CodeIgniter\Boot::bootWeb(Object(Config\Paths))
CRITICAL - 2024-09-26 20:24:41 --> ErrorException: Undefined array key "Id_cliente"
[Method: GET, Route: ver-Cliente]
in APPPATH\Views\vista_clientes.php on line 75.
 1 APPPATH\Views\vista_clientes.php(75): CodeIgniter\Debug\Exceptions->errorHandler(2, 'Undefined array key "Id_cliente"', 'C:\\xampp\\htdocs\\ProyectoWC\\app\\Views\\vista_clientes.php', 75)
 2 SYSTEMPATH\View\View.php(234): include('C:\\xampp\\htdocs\\ProyectoWC\\app\\Views\\vista_clientes.php')
 3 SYSTEMPATH\View\View.php(237): CodeIgniter\View\View->CodeIgniter\View\{closure}()
 4 SYSTEMPATH\Common.php(1171): CodeIgniter\View\View->render('vista_clientes', [], true)
 5 APPPATH\Controllers\ClienteCrud.php(39): view('vista_clientes', [...])
 6 SYSTEMPATH\CodeIgniter.php(933): App\Controllers\ClienteCrud->clientever()
 7 SYSTEMPATH\CodeIgniter.php(509): CodeIgniter\CodeIgniter->runController(Object(App\Controllers\ClienteCrud))
 8 SYSTEMPATH\CodeIgniter.php(355): CodeIgniter\CodeIgniter->handleRequest(null, Object(Config\Cache), false)
 9 SYSTEMPATH\Boot.php(325): CodeIgniter\CodeIgniter->run()
10 SYSTEMPATH\Boot.php(67): CodeIgniter\Boot::runCodeIgniter(Object(CodeIgniter\CodeIgniter))
11 FCPATH\index.php(56): CodeIgniter\Boot::bootWeb(Object(Config\Paths))
CRITICAL - 2024-09-26 23:33:09 --> ErrorException: Trying to access array offset on value of type null
[Method: POST, Route: guardar-Cliente]
in APPPATH\Controllers\ClienteCrud.php on line 83.
 1 APPPATH\Controllers\ClienteCrud.php(83): CodeIgniter\Debug\Exceptions->errorHandler(2, 'Trying to access array offset on value of type null', 'C:\\xampp\\htdocs\\ProyectoWC\\app\\Controllers\\ClienteCrud.php', 83)
 2 SYSTEMPATH\CodeIgniter.php(933): App\Controllers\ClienteCrud->guardarCliente()
 3 SYSTEMPATH\CodeIgniter.php(509): CodeIgniter\CodeIgniter->runController(Object(App\Controllers\ClienteCrud))
 4 SYSTEMPATH\CodeIgniter.php(355): CodeIgniter\CodeIgniter->handleRequest(null, Object(Config\Cache), false)
 5 SYSTEMPATH\Boot.php(325): CodeIgniter\CodeIgniter->run()
 6 SYSTEMPATH\Boot.php(67): CodeIgniter\Boot::runCodeIgniter(Object(CodeIgniter\CodeIgniter))
 7 FCPATH\index.php(56): CodeIgniter\Boot::bootWeb(Object(Config\Paths))
CRITICAL - 2024-09-26 23:37:30 --> ErrorException: Trying to access array offset on value of type null
[Method: POST, Route: guardar-Cliente]
in APPPATH\Controllers\ClienteCrud.php on line 83.
 1 APPPATH\Controllers\ClienteCrud.php(83): CodeIgniter\Debug\Exceptions->errorHandler(2, 'Trying to access array offset on value of type null', 'C:\\xampp\\htdocs\\ProyectoWC\\app\\Controllers\\ClienteCrud.php', 83)
 2 SYSTEMPATH\CodeIgniter.php(933): App\Controllers\ClienteCrud->guardarCliente()
 3 SYSTEMPATH\CodeIgniter.php(509): CodeIgniter\CodeIgniter->runController(Object(App\Controllers\ClienteCrud))
 4 SYSTEMPATH\CodeIgniter.php(355): CodeIgniter\CodeIgniter->handleRequest(null, Object(Config\Cache), false)
 5 SYSTEMPATH\Boot.php(325): CodeIgniter\CodeIgniter->run()
 6 SYSTEMPATH\Boot.php(67): CodeIgniter\Boot::runCodeIgniter(Object(CodeIgniter\CodeIgniter))
 7 FCPATH\index.php(56): CodeIgniter\Boot::bootWeb(Object(Config\Paths))
CRITICAL - 2024-09-26 23:39:14 --> ErrorException: Trying to access array offset on value of type null
[Method: POST, Route: guardar-Cliente]
in APPPATH\Controllers\ClienteCrud.php on line 83.
 1 APPPATH\Controllers\ClienteCrud.php(83): CodeIgniter\Debug\Exceptions->errorHandler(2, 'Trying to access array offset on value of type null', 'C:\\xampp\\htdocs\\ProyectoWC\\app\\Controllers\\ClienteCrud.php', 83)
 2 SYSTEMPATH\CodeIgniter.php(933): App\Controllers\ClienteCrud->guardarCliente()
 3 SYSTEMPATH\CodeIgniter.php(509): CodeIgniter\CodeIgniter->runController(Object(App\Controllers\ClienteCrud))
 4 SYSTEMPATH\CodeIgniter.php(355): CodeIgniter\CodeIgniter->handleRequest(null, Object(Config\Cache), false)
 5 SYSTEMPATH\Boot.php(325): CodeIgniter\CodeIgniter->run()
 6 SYSTEMPATH\Boot.php(67): CodeIgniter\Boot::runCodeIgniter(Object(CodeIgniter\CodeIgniter))
 7 FCPATH\index.php(56): CodeIgniter\Boot::bootWeb(Object(Config\Paths))
CRITICAL - 2024-09-26 23:45:15 --> ErrorException: Trying to access array offset on value of type null
[Method: POST, Route: guardar-Cliente]
in APPPATH\Controllers\ClienteCrud.php on line 70.
 1 APPPATH\Controllers\ClienteCrud.php(70): CodeIgniter\Debug\Exceptions->errorHandler(2, 'Trying to access array offset on value of type null', 'C:\\xampp\\htdocs\\ProyectoWC\\app\\Controllers\\ClienteCrud.php', 70)
 2 SYSTEMPATH\CodeIgniter.php(933): App\Controllers\ClienteCrud->guardarCliente()
 3 SYSTEMPATH\CodeIgniter.php(509): CodeIgniter\CodeIgniter->runController(Object(App\Controllers\ClienteCrud))
 4 SYSTEMPATH\CodeIgniter.php(355): CodeIgniter\CodeIgniter->handleRequest(null, Object(Config\Cache), false)
 5 SYSTEMPATH\Boot.php(325): CodeIgniter\CodeIgniter->run()
 6 SYSTEMPATH\Boot.php(67): CodeIgniter\Boot::runCodeIgniter(Object(CodeIgniter\CodeIgniter))
 7 FCPATH\index.php(56): CodeIgniter\Boot::bootWeb(Object(Config\Paths))
CRITICAL - 2024-09-26 23:48:50 --> ErrorException: Trying to access array offset on value of type null
[Method: POST, Route: guardar-Cliente]
in APPPATH\Controllers\ClienteCrud.php on line 70.
 1 APPPATH\Controllers\ClienteCrud.php(70): CodeIgniter\Debug\Exceptions->errorHandler(2, 'Trying to access array offset on value of type null', 'C:\\xampp\\htdocs\\ProyectoWC\\app\\Controllers\\ClienteCrud.php', 70)
 2 SYSTEMPATH\CodeIgniter.php(933): App\Controllers\ClienteCrud->guardarCliente()
 3 SYSTEMPATH\CodeIgniter.php(509): CodeIgniter\CodeIgniter->runController(Object(App\Controllers\ClienteCrud))
 4 SYSTEMPATH\CodeIgniter.php(355): CodeIgniter\CodeIgniter->handleRequest(null, Object(Config\Cache), false)
 5 SYSTEMPATH\Boot.php(325): CodeIgniter\CodeIgniter->run()
 6 SYSTEMPATH\Boot.php(67): CodeIgniter\Boot::runCodeIgniter(Object(CodeIgniter\CodeIgniter))
 7 FCPATH\index.php(56): CodeIgniter\Boot::bootWeb(Object(Config\Paths))
CRITICAL - 2024-09-26 23:49:36 --> ErrorException: Trying to access array offset on value of type null
[Method: POST, Route: guardar-Cliente]
in APPPATH\Controllers\ClienteCrud.php on line 70.
 1 APPPATH\Controllers\ClienteCrud.php(70): CodeIgniter\Debug\Exceptions->errorHandler(2, 'Trying to access array offset on value of type null', 'C:\\xampp\\htdocs\\ProyectoWC\\app\\Controllers\\ClienteCrud.php', 70)
 2 SYSTEMPATH\CodeIgniter.php(933): App\Controllers\ClienteCrud->guardarCliente()
 3 SYSTEMPATH\CodeIgniter.php(509): CodeIgniter\CodeIgniter->runController(Object(App\Controllers\ClienteCrud))
 4 SYSTEMPATH\CodeIgniter.php(355): CodeIgniter\CodeIgniter->handleRequest(null, Object(Config\Cache), false)
 5 SYSTEMPATH\Boot.php(325): CodeIgniter\CodeIgniter->run()
 6 SYSTEMPATH\Boot.php(67): CodeIgniter\Boot::runCodeIgniter(Object(CodeIgniter\CodeIgniter))
 7 FCPATH\index.php(56): CodeIgniter\Boot::bootWeb(Object(Config\Paths))
CRITICAL - 2024-09-26 23:55:10 --> ErrorException: Trying to access array offset on value of type null
[Method: POST, Route: guardar-Cliente]
in APPPATH\Controllers\ClienteCrud.php on line 70.
 1 APPPATH\Controllers\ClienteCrud.php(70): CodeIgniter\Debug\Exceptions->errorHandler(2, 'Trying to access array offset on value of type null', 'C:\\xampp\\htdocs\\ProyectoWC\\app\\Controllers\\ClienteCrud.php', 70)
 2 SYSTEMPATH\CodeIgniter.php(933): App\Controllers\ClienteCrud->guardarCliente()
 3 SYSTEMPATH\CodeIgniter.php(509): CodeIgniter\CodeIgniter->runController(Object(App\Controllers\ClienteCrud))
 4 SYSTEMPATH\CodeIgniter.php(355): CodeIgniter\CodeIgniter->handleRequest(null, Object(Config\Cache), false)
 5 SYSTEMPATH\Boot.php(325): CodeIgniter\CodeIgniter->run()
 6 SYSTEMPATH\Boot.php(67): CodeIgniter\Boot::runCodeIgniter(Object(CodeIgniter\CodeIgniter))
 7 FCPATH\index.php(56): CodeIgniter\Boot::bootWeb(Object(Config\Paths))
CRITICAL - 2024-09-26 23:56:06 --> ErrorException: Trying to access array offset on value of type null
[Method: POST, Route: guardar-Cliente]
in APPPATH\Controllers\ClienteCrud.php on line 70.
 1 APPPATH\Controllers\ClienteCrud.php(70): CodeIgniter\Debug\Exceptions->errorHandler(2, 'Trying to access array offset on value of type null', 'C:\\xampp\\htdocs\\ProyectoWC\\app\\Controllers\\ClienteCrud.php', 70)
 2 SYSTEMPATH\CodeIgniter.php(933): App\Controllers\ClienteCrud->guardarCliente()
 3 SYSTEMPATH\CodeIgniter.php(509): CodeIgniter\CodeIgniter->runController(Object(App\Controllers\ClienteCrud))
 4 SYSTEMPATH\CodeIgniter.php(355): CodeIgniter\CodeIgniter->handleRequest(null, Object(Config\Cache), false)
 5 SYSTEMPATH\Boot.php(325): CodeIgniter\CodeIgniter->run()
 6 SYSTEMPATH\Boot.php(67): CodeIgniter\Boot::runCodeIgniter(Object(CodeIgniter\CodeIgniter))
 7 FCPATH\index.php(56): CodeIgniter\Boot::bootWeb(Object(Config\Paths))
